{
  "agent": "SemanticSteward",
  "failures": 0,
  "report": "diagnostics/semantic-steward-latest.json"
}
{
  "agent": "SemanticSteward",
  "failures": 0,
  "report": "diagnostics/semantic-steward-latest.json"
}
{
  "agent": "SemanticSteward",
  "failures": 0,
  "report": "diagnostics/semantic-steward-latest.json"
}
{
  "agent": "SemanticSteward",
  "failures": 0,
  "report": "diagnostics/semantic-steward-latest.json"
}
{
  "agent": "SemanticSteward",
  "failures": 0,
  "report": "diagnostics/semantic-steward-latest.json"
}
{
  "agent": "SemanticSteward",
  "failures": 0,
  "report": "diagnostics/semantic-steward-latest.json"
}
{
  "agent": "SemanticSteward",
  "failures": 0,
  "report": "diagnostics/semantic-steward-latest.json"
}
{
  "agent": "SemanticSteward",
  "failures": 0,
  "report": "diagnostics/semantic-steward-latest.json"
}
{
  "agent": "SemanticSteward",
  "failures": 0,
  "report": "diagnostics/semantic-steward-latest.json"
}
{
  "agent": "SemanticSteward",
  "failures": 0,
  "report": "diagnostics/semantic-steward-latest.json"
}
{
  "agent": "SemanticSteward",
  "failures": 0,
  "report": "diagnostics/semantic-steward-latest.json"
}
{
  "agent": "SemanticSteward",
  "failures": 0,
  "report": "diagnostics/semantic-steward-latest.json"
}
{
  "agent": "SemanticSteward",
  "failures": 0,
  "report": "diagnostics/semantic-steward-latest.json"
}
{
  "agent": "SemanticSteward",
  "failures": 0,
  "report": "diagnostics/semantic-steward-latest.json"
}
