{
  "agent": "SourceScout",
  "candidates_passed": 0,
  "tasks_created": 0,
  "errors": 8,
  "report": "diagnostics/source-scout-latest.json"
}
{
  "agent": "SourceScout",
  "candidates_passed": 0,
  "tasks_created": 0,
  "errors": 8,
  "report": "diagnostics/source-scout-latest.json"
}
{
  "agent": "SourceScout",
  "candidates_passed": 0,
  "tasks_created": 0,
  "errors": 8,
  "report": "diagnostics/source-scout-latest.json"
}
{
  "agent": "SourceScout",
  "candidates_passed": 0,
  "tasks_created": 0,
  "errors": 8,
  "report": "diagnostics/source-scout-latest.json"
}
{
  "agent": "SourceScout",
  "candidates_passed": 4,
  "tasks_created": 4,
  "errors": 0,
  "report": "diagnostics/source-scout-latest.json"
}
{
  "agent": "SourceScout",
  "candidates_passed": 4,
  "tasks_created": 4,
  "errors": 0,
  "report": "diagnostics/source-scout-latest.json"
}
{
  "agent": "SourceScout",
  "candidates_passed": 4,
  "tasks_created": 4,
  "errors": 0,
  "report": "diagnostics/source-scout-latest.json"
}
{
  "agent": "SourceScout",
  "candidates_passed": 36,
  "tasks_created": 36,
  "errors": 0,
  "report": "diagnostics/source-scout-latest.json"
}
{
  "agent": "SourceScout",
  "candidates_passed": 35,
  "tasks_created": 35,
  "errors": 0,
  "report": "diagnostics/source-scout-latest.json"
}
{
  "agent": "SourceScout",
  "candidates_passed": 33,
  "tasks_created": 33,
  "errors": 0,
  "report": "diagnostics/source-scout-latest.json"
}
{
  "agent": "SourceScout",
  "candidates_passed": 36,
  "tasks_created": 36,
  "errors": 0,
  "report": "diagnostics/source-scout-latest.json"
}
{
  "agent": "SourceScout",
  "candidates_passed": 36,
  "tasks_created": 36,
  "errors": 0,
  "report": "diagnostics/source-scout-latest.json"
}
{
  "agent": "SourceScout",
  "candidates_passed": 35,
  "tasks_created": 35,
  "errors": 0,
  "report": "diagnostics/source-scout-latest.json"
}
{
  "agent": "SourceScout",
  "candidates_passed": 37,
  "tasks_created": 37,
  "errors": 0,
  "report": "diagnostics/source-scout-latest.json"
}
{
  "agent": "SourceScout",
  "candidates_passed": 36,
  "tasks_created": 36,
  "errors": 0,
  "report": "diagnostics/source-scout-latest.json"
}
{
  "agent": "SourceScout",
  "candidates_passed": 36,
  "tasks_created": 36,
  "errors": 0,
  "report": "diagnostics/source-scout-latest.json"
}
